{
  "RSpec": {
    "coverage": {
      "/home/garrettstott/Desktop/rails_audition/contactbook/app/controllers/contacts_controller.rb": [
        1,
        1,
        1,
        null,
        1,
        16,
        null,
        null,
        1,
        null,
        null,
        1,
        null,
        null,
        1,
        5,
        3,
        3,
        null,
        2,
        2,
        null,
        null,
        null,
        1,
        10,
        null,
        null,
        1,
        10,
        10,
        8,
        8,
        null,
        2,
        2,
        null,
        null,
        null,
        1,
        3,
        3,
        3,
        3,
        null,
        null,
        1,
        5,
        5,
        5,
        null,
        null,
        1,
        5,
        null,
        null,
        1,
        3,
        3,
        3,
        null,
        null,
        1,
        null,
        1,
        15,
        null,
        null,
        1,
        32,
        null,
        null,
        1,
        78,
        null,
        null
      ],
      "/home/garrettstott/Desktop/rails_audition/contactbook/app/controllers/application_controller.rb": [
        1,
        1,
        null
      ],
      "/home/garrettstott/Desktop/rails_audition/contactbook/spec/controllers/shared_controller_spec.rb": [
        1,
        null,
        1,
        1,
        1,
        1,
        1,
        1,
        null,
        null,
        1,
        1,
        1,
        null,
        null,
        null,
        null
      ],
      "/home/garrettstott/Desktop/rails_audition/contactbook/app/controllers/shared_controller.rb": [
        1,
        1,
        null,
        null
      ],
      "/home/garrettstott/Desktop/rails_audition/contactbook/spec/features/contacts_spec.rb": [
        1,
        null,
        1,
        1,
        7,
        7,
        7,
        7,
        7,
        7,
        7,
        7,
        7,
        null,
        null,
        1,
        1,
        1,
        null,
        null,
        1,
        1,
        1,
        null,
        null,
        1,
        1,
        1,
        null,
        null,
        1,
        1,
        1,
        1,
        1,
        1,
        null,
        null,
        1,
        1,
        1,
        1,
        1,
        null,
        null,
        1,
        1,
        1,
        1,
        null,
        null,
        1,
        1,
        1,
        1,
        1,
        null,
        null,
        null,
        null,
        1,
        1,
        2,
        2,
        2,
        2,
        2,
        2,
        2,
        null,
        null,
        1,
        1,
        1,
        1,
        null,
        null,
        1,
        1,
        1,
        1,
        1,
        1,
        1,
        1,
        1,
        1,
        1,
        1,
        1,
        null,
        null,
        null,
        1,
        1,
        5,
        5,
        5,
        5,
        5,
        5,
        5,
        5,
        5,
        5,
        5,
        5,
        5,
        5,
        5,
        5,
        5,
        5,
        5,
        null,
        null,
        1,
        1,
        1,
        null,
        null,
        1,
        1,
        1,
        1,
        1,
        1,
        1,
        1,
        null,
        null,
        1,
        1,
        1,
        1,
        1,
        null,
        null,
        1,
        1,
        1,
        1,
        1,
        1,
        1,
        1,
        null,
        null,
        1,
        1,
        1,
        1,
        1,
        null,
        null,
        null
      ],
      "/home/garrettstott/Desktop/rails_audition/contactbook/spec/features/users_spec.rb": [
        1,
        null,
        1,
        null,
        1,
        1,
        3,
        null,
        null,
        1,
        1,
        null,
        null,
        1,
        1,
        null,
        null,
        1,
        1,
        null,
        null,
        null,
        null,
        1,
        null,
        1,
        1,
        1,
        null,
        null,
        1,
        1,
        1,
        null,
        null,
        null,
        null,
        1,
        null,
        1,
        1,
        1,
        null,
        null,
        1,
        1,
        1,
        1,
        1,
        1,
        1,
        1,
        1,
        null,
        null,
        null,
        null,
        1,
        1,
        2,
        null,
        null,
        1,
        1,
        1,
        null,
        null,
        1,
        1,
        1,
        1,
        1,
        1,
        1,
        null,
        null,
        null,
        null,
        1,
        1,
        2,
        2,
        2,
        2,
        2,
        2,
        2,
        null,
        null,
        1,
        1,
        1,
        null,
        null,
        1,
        1,
        1,
        1,
        1,
        1,
        1,
        null,
        null,
        null
      ],
      "/home/garrettstott/Desktop/rails_audition/contactbook/spec/models/contact_spec.rb": [
        1,
        null,
        1,
        1,
        1,
        null,
        1,
        1,
        null,
        null
      ],
      "/home/garrettstott/Desktop/rails_audition/contactbook/app/models/contact.rb": [
        1,
        1,
        null,
        1,
        null,
        1,
        20,
        null,
        null,
        null
      ],
      "/home/garrettstott/Desktop/rails_audition/contactbook/app/controllers/users/sessions_controller.rb": [
        1,
        null,
        null,
        null,
        null,
        null,
        null,
        null,
        null,
        null,
        null,
        null,
        null,
        null,
        null,
        null,
        null,
        null,
        null,
        null,
        null,
        null,
        null,
        null,
        null
      ],
      "/home/garrettstott/Desktop/rails_audition/contactbook/app/controllers/users/registrations_controller.rb": [
        1,
        1,
        1,
        null,
        null,
        null,
        null,
        null,
        null,
        null,
        null,
        null,
        null,
        null,
        null,
        null,
        null,
        null,
        null,
        null,
        null,
        null,
        null,
        null,
        null,
        null,
        null,
        null,
        null,
        null,
        null,
        null,
        null,
        null,
        null,
        null,
        null,
        null,
        null,
        null,
        null,
        1,
        1,
        null,
        null,
        null,
        1,
        1,
        null,
        null,
        null,
        null,
        null,
        null,
        null,
        null,
        null,
        null,
        null,
        null
      ]
    },
    "timestamp": 1487797117
  }
}
