{
  "RSpec": {
    "coverage": {
      "/home/garrettstott/Desktop/rails_audition/contactbook/app/controllers/contacts_controller.rb": [
        1,
        1,
        1,
        null,
        1,
        4,
        null,
        null,
        1,
        null,
        null,
        1,
        null,
        null,
        1,
        4,
        2,
        2,
        null,
        2,
        2,
        null,
        null,
        null,
        1,
        3,
        null,
        null,
        1,
        4,
        4,
        2,
        2,
        null,
        2,
        2,
        null,
        null,
        null,
        1,
        2,
        2,
        2,
        2,
        null,
        null,
        1,
        2,
        2,
        2,
        null,
        null,
        1,
        2,
        2,
        2,
        null,
        null,
        1,
        null,
        1,
        8,
        null,
        null,
        1,
        14,
        null,
        null,
        1,
        27,
        null,
        null
      ],
      "/home/garrettstott/Desktop/rails_audition/contactbook/app/controllers/application_controller.rb": [
        1,
        1,
        null
      ],
      "/home/garrettstott/Desktop/rails_audition/contactbook/spec/controllers/shared_controller_spec.rb": [
        1,
        null,
        1,
        1,
        1,
        1,
        1,
        1,
        null,
        null,
        1,
        1,
        1,
        null,
        null,
        null,
        null
      ],
      "/home/garrettstott/Desktop/rails_audition/contactbook/app/controllers/shared_controller.rb": [
        1,
        1,
        null,
        null
      ],
      "/home/garrettstott/Desktop/rails_audition/contactbook/spec/models/contact_spec.rb": [
        1,
        null,
        1,
        1,
        1,
        null,
        1,
        1,
        null,
        null
      ],
      "/home/garrettstott/Desktop/rails_audition/contactbook/app/models/contact.rb": [
        1,
        1,
        null,
        1,
        null,
        1,
        1,
        null,
        null,
        null
      ]
    },
    "timestamp": 1487721755
  }
}
